<?xml version="1.0" encoding="UTF-8"?>
<testsuite name="nl.shadowlink.mission.msc.CompilerTest$LabelLineTest" tests="2" skipped="0" failures="0" errors="0" timestamp="2020-05-29T18:25:03" hostname="MacBook-Pro-van-Kilian.local" time="0.008">
  <properties/>
  <testcase name="then label is set as LabelLine name()" classname="nl.shadowlink.mission.msc.CompilerTest$LabelLineTest" time="0.002"/>
  <testcase name="then line is parsed as label line()" classname="nl.shadowlink.mission.msc.CompilerTest$LabelLineTest" time="0.005"/>
  <system-out><![CDATA[]]></system-out>
  <system-err><![CDATA[]]></system-err>
</testsuite>
