<?xml version="1.0" encoding="UTF-8"?>
<testsuite name="nl.shadowlink.mission.msc.OpcodeParameterTest$IntParamTest" tests="1" skipped="0" failures="0" errors="0" timestamp="2020-05-29T17:55:10" hostname="MacBook-Pro-van-Kilian.local" time="0.042">
  <properties/>
  <testcase name="int parameter takes 4 bytes()" classname="nl.shadowlink.mission.msc.OpcodeParameterTest$IntParamTest" time="0.042"/>
  <system-out><![CDATA[]]></system-out>
  <system-err><![CDATA[]]></system-err>
</testsuite>
