<?xml version="1.0" encoding="UTF-8"?>
<testsuite name="nl.shadowlink.mission.msc.CompilerTest$OpcodeLineTest" tests="3" skipped="0" failures="0" errors="0" timestamp="2020-05-29T17:55:10" hostname="MacBook-Pro-van-Kilian.local" time="0.064">
  <properties/>
  <testcase name="when opcode contains multiple int params, the params are added()" classname="nl.shadowlink.mission.msc.CompilerTest$OpcodeLineTest" time="0.058"/>
  <testcase name="opcode is parsed from opcode line()" classname="nl.shadowlink.mission.msc.CompilerTest$OpcodeLineTest" time="0.002"/>
  <testcase name="opcode line is parsed as OpcodeLine()" classname="nl.shadowlink.mission.msc.CompilerTest$OpcodeLineTest" time="0.002"/>
  <system-out><![CDATA[]]></system-out>
  <system-err><![CDATA[]]></system-err>
</testsuite>
