<?xml version="1.0" encoding="UTF-8"?>
<testsuite name="nl.shadowlink.mission.msc.CompilerTest$OpcodeLineTest$ParseParamTest" tests="5" skipped="0" failures="0" errors="0" timestamp="2020-05-29T18:25:03" hostname="MacBook-Pro-van-Kilian.local" time="0.027">
  <properties/>
  <testcase name="global var parameter is parsed()" classname="nl.shadowlink.mission.msc.CompilerTest$OpcodeLineTest$ParseParamTest" time="0.008"/>
  <testcase name="float parameter is parsed()" classname="nl.shadowlink.mission.msc.CompilerTest$OpcodeLineTest$ParseParamTest" time="0.004"/>
  <testcase name="int parameter is parsed()" classname="nl.shadowlink.mission.msc.CompilerTest$OpcodeLineTest$ParseParamTest" time="0.002"/>
  <testcase name="label parameter is parsed()" classname="nl.shadowlink.mission.msc.CompilerTest$OpcodeLineTest$ParseParamTest" time="0.001"/>
  <testcase name="string parameter is parsed()" classname="nl.shadowlink.mission.msc.CompilerTest$OpcodeLineTest$ParseParamTest" time="0.002"/>
  <system-out><![CDATA[]]></system-out>
  <system-err><![CDATA[]]></system-err>
</testsuite>
